<?xml version="1.0" encoding="UTF-8"?>
<testsuite name="com.example.events_api.EventsApiApplicationTests" tests="12" skipped="0" failures="0" errors="0" timestamp="2025-08-21T15:28:17.230Z" hostname="Evelyns-MacBook-Pro-2.local" time="0.308">
  <properties/>
  <testcase name="testUpdateEventNotFound()" classname="com.example.events_api.EventsApiApplicationTests" time="0.21"/>
  <testcase name="testDeleteEventFound()" classname="com.example.events_api.EventsApiApplicationTests" time="0.012"/>
  <testcase name="testGetEventByIdNotFound()" classname="com.example.events_api.EventsApiApplicationTests" time="0.011"/>
  <testcase name="testUpdateEventFound()" classname="com.example.events_api.EventsApiApplicationTests" time="0.012"/>
  <testcase name="testCreateEvent()" classname="com.example.events_api.EventsApiApplicationTests" time="0.009"/>
  <testcase name="testSearchByTitle()" classname="com.example.events_api.EventsApiApplicationTests" time="0.011"/>
  <testcase name="testGetAllEvents()" classname="com.example.events_api.EventsApiApplicationTests" time="0.01"/>
  <testcase name="testGetEventByIdFound()" classname="com.example.events_api.EventsApiApplicationTests" time="0.007"/>
  <testcase name="testSearchByLocation()" classname="com.example.events_api.EventsApiApplicationTests" time="0.006"/>
  <testcase name="testHealth()" classname="com.example.events_api.EventsApiApplicationTests" time="0.004"/>
  <testcase name="testDeleteEventNotFound()" classname="com.example.events_api.EventsApiApplicationTests" time="0.005"/>
  <testcase name="testEventsInRange()" classname="com.example.events_api.EventsApiApplicationTests" time="0.005"/>
  <system-out><![CDATA[11:28:14.802 [Test worker] INFO org.springframework.test.context.support.AnnotationConfigContextLoaderUtils -- Could not detect default configuration classes for test class [com.example.events_api.EventsApiApplicationTests]: EventsApiApplicationTests does not declare any static, non-private, non-final, nested classes annotated with @Configuration.
11:28:14.853 [Test worker] INFO org.springframework.boot.test.context.SpringBootTestContextBootstrapper -- Found @SpringBootConfiguration com.example.events_api.EventsApiApplication for test class com.example.events_api.EventsApiApplicationTests

  .   ____          _            __ _ _
 /\\ / ___'_ __ _ _(_)_ __  __ _ \ \ \ \
( ( )\___ | '_ | '_| | '_ \/ _` | \ \ \ \
 \\/  ___)| |_)| | | | | || (_| |  ) ) ) )
  '  |____| .__|_| |_|_| |_\__, | / / / /
 =========|_|==============|___/=/_/_/_/

 :: Spring Boot ::                (v3.5.4)

2025-08-21T11:28:15.052-04:00  INFO 91582 --- [events-api-test] [    Test worker] c.e.e.EventsApiApplicationTests          : Starting EventsApiApplicationTests using Java 17.0.14 with PID 91582 (started by evelyn.e in /Users/evelyn.e/Desktop/Work/Capstone/Backend/events-api)
2025-08-21T11:28:15.053-04:00  INFO 91582 --- [events-api-test] [    Test worker] c.e.e.EventsApiApplicationTests          : The following 1 profile is active: "test"
2025-08-21T11:28:15.305-04:00  INFO 91582 --- [events-api-test] [    Test worker] .s.d.r.c.RepositoryConfigurationDelegate : Bootstrapping Spring Data JPA repositories in DEFAULT mode.
2025-08-21T11:28:15.328-04:00  INFO 91582 --- [events-api-test] [    Test worker] .s.d.r.c.RepositoryConfigurationDelegate : Finished Spring Data repository scanning in 18 ms. Found 1 JPA repository interface.
2025-08-21T11:28:16.109-04:00  INFO 91582 --- [events-api-test] [    Test worker] o.s.b.w.embedded.tomcat.TomcatWebServer  : Tomcat initialized with port 0 (http)
2025-08-21T11:28:16.116-04:00  INFO 91582 --- [events-api-test] [    Test worker] o.apache.catalina.core.StandardService   : Starting service [Tomcat]
2025-08-21T11:28:16.117-04:00  INFO 91582 --- [events-api-test] [    Test worker] o.apache.catalina.core.StandardEngine    : Starting Servlet engine: [Apache Tomcat/10.1.43]
2025-08-21T11:28:16.146-04:00  INFO 91582 --- [events-api-test] [    Test worker] o.a.c.c.C.[Tomcat].[localhost].[/]       : Initializing Spring embedded WebApplicationContext
2025-08-21T11:28:16.147-04:00  INFO 91582 --- [events-api-test] [    Test worker] w.s.c.ServletWebServerApplicationContext : Root WebApplicationContext: initialization completed in 1087 ms
2025-08-21T11:28:16.237-04:00  INFO 91582 --- [events-api-test] [    Test worker] o.hibernate.jpa.internal.util.LogHelper  : HHH000204: Processing PersistenceUnitInfo [name: default]
2025-08-21T11:28:16.261-04:00  INFO 91582 --- [events-api-test] [    Test worker] org.hibernate.Version                    : HHH000412: Hibernate ORM core version 6.6.22.Final
2025-08-21T11:28:16.274-04:00  INFO 91582 --- [events-api-test] [    Test worker] o.h.c.internal.RegionFactoryInitiator    : HHH000026: Second-level cache disabled
2025-08-21T11:28:16.328-04:00  INFO 91582 --- [events-api-test] [    Test worker] o.s.o.j.p.SpringPersistenceUnitInfo      : No LoadTimeWeaver setup: ignoring JPA class transformer
2025-08-21T11:28:16.342-04:00  INFO 91582 --- [events-api-test] [    Test worker] com.zaxxer.hikari.HikariDataSource       : HikariPool-1 - Starting...
2025-08-21T11:28:16.449-04:00  INFO 91582 --- [events-api-test] [    Test worker] com.zaxxer.hikari.pool.PoolBase          : HikariPool-1 - Driver does not support get/set network timeout for connections. (feature not supported)
2025-08-21T11:28:16.450-04:00  INFO 91582 --- [events-api-test] [    Test worker] com.zaxxer.hikari.pool.HikariPool        : HikariPool-1 - Added connection org.hsqldb.jdbc.JDBCConnection@7c79f2cf
2025-08-21T11:28:16.450-04:00  INFO 91582 --- [events-api-test] [    Test worker] com.zaxxer.hikari.HikariDataSource       : HikariPool-1 - Start completed.
2025-08-21T11:28:16.464-04:00  WARN 91582 --- [events-api-test] [    Test worker] org.hibernate.orm.deprecation            : HHH90000025: HSQLDialect does not need to be specified explicitly using 'hibernate.dialect' (remove the property setting and it will be selected by default)
2025-08-21T11:28:16.476-04:00  INFO 91582 --- [events-api-test] [    Test worker] org.hibernate.orm.connections.pooling    : HHH10001005: Database info:
	Database JDBC URL [Connecting through datasource 'HikariDataSource (HikariPool-1)']
	Database driver: undefined/unknown
	Database version: 2.7.3
	Autocommit mode: undefined/unknown
	Isolation level: undefined/unknown
	Minimum pool size: undefined/unknown
	Maximum pool size: undefined/unknown
2025-08-21T11:28:16.757-04:00  INFO 91582 --- [events-api-test] [    Test worker] o.h.e.t.j.p.i.JtaPlatformInitiator       : HHH000489: No JTA platform available (set 'hibernate.transaction.jta.platform' to enable JTA platform integration)
2025-08-21T11:28:16.769-04:00  INFO 91582 --- [events-api-test] [    Test worker] j.LocalContainerEntityManagerFactoryBean : Initialized JPA EntityManagerFactory for persistence unit 'default'
2025-08-21T11:28:16.819-04:00  WARN 91582 --- [events-api-test] [    Test worker] JpaBaseConfiguration$JpaWebConfiguration : spring.jpa.open-in-view is enabled by default. Therefore, database queries may be performed during view rendering. Explicitly configure spring.jpa.open-in-view to disable this warning
2025-08-21T11:28:16.973-04:00  WARN 91582 --- [events-api-test] [    Test worker] .s.s.UserDetailsServiceAutoConfiguration : 

Using generated security password: 625d4252-8adb-4558-b5de-eb2cf1fbc153

This generated password is for development use only. Your security configuration must be updated before running your application in production.

2025-08-21T11:28:16.976-04:00  INFO 91582 --- [events-api-test] [    Test worker] r$InitializeUserDetailsManagerConfigurer : Global AuthenticationManager configured with UserDetailsService bean with name inMemoryUserDetailsManager
2025-08-21T11:28:17.222-04:00  INFO 91582 --- [events-api-test] [    Test worker] o.s.b.w.embedded.tomcat.TomcatWebServer  : Tomcat started on port 64458 (http) with context path '/'
2025-08-21T11:28:17.227-04:00  INFO 91582 --- [events-api-test] [    Test worker] c.e.e.EventsApiApplicationTests          : Started EventsApiApplicationTests in 2.308 seconds (process running for 2.826)
2025-08-21T11:28:17.339-04:00  INFO 91582 --- [events-api-test] [o-auto-1-exec-1] o.a.c.c.C.[Tomcat].[localhost].[/]       : Initializing Spring DispatcherServlet 'dispatcherServlet'
2025-08-21T11:28:17.339-04:00  INFO 91582 --- [events-api-test] [o-auto-1-exec-1] o.s.web.servlet.DispatcherServlet        : Initializing Servlet 'dispatcherServlet'
2025-08-21T11:28:17.340-04:00  INFO 91582 --- [events-api-test] [o-auto-1-exec-1] o.s.web.servlet.DispatcherServlet        : Completed initialization in 1 ms
]]></system-out>
  <system-err><![CDATA[]]></system-err>
</testsuite>
