<?xml version="1.0" encoding="UTF-8"?>
<testsuite name="com.example.events_api.EventsApiApplicationTests" tests="12" skipped="0" failures="0" errors="0" timestamp="2025-08-21T17:22:08.647Z" hostname="Evelyns-MacBook-Pro-2.local" time="0.285">
  <properties/>
  <testcase name="testUpdateEventNotFound()" classname="com.example.events_api.EventsApiApplicationTests" time="0.194"/>
  <testcase name="testDeleteEventFound()" classname="com.example.events_api.EventsApiApplicationTests" time="0.009"/>
  <testcase name="testGetEventByIdNotFound()" classname="com.example.events_api.EventsApiApplicationTests" time="0.007"/>
  <testcase name="testUpdateEventFound()" classname="com.example.events_api.EventsApiApplicationTests" time="0.011"/>
  <testcase name="testCreateEvent()" classname="com.example.events_api.EventsApiApplicationTests" time="0.007"/>
  <testcase name="testSearchByTitle()" classname="com.example.events_api.EventsApiApplicationTests" time="0.012"/>
  <testcase name="testGetAllEvents()" classname="com.example.events_api.EventsApiApplicationTests" time="0.009"/>
  <testcase name="testGetEventByIdFound()" classname="com.example.events_api.EventsApiApplicationTests" time="0.006"/>
  <testcase name="testSearchByLocation()" classname="com.example.events_api.EventsApiApplicationTests" time="0.006"/>
  <testcase name="testHealth()" classname="com.example.events_api.EventsApiApplicationTests" time="0.005"/>
  <testcase name="testDeleteEventNotFound()" classname="com.example.events_api.EventsApiApplicationTests" time="0.005"/>
  <testcase name="testEventsInRange()" classname="com.example.events_api.EventsApiApplicationTests" time="0.006"/>
  <system-out><![CDATA[13:22:06.486 [Test worker] INFO org.springframework.test.context.support.AnnotationConfigContextLoaderUtils -- Could not detect default configuration classes for test class [com.example.events_api.EventsApiApplicationTests]: EventsApiApplicationTests does not declare any static, non-private, non-final, nested classes annotated with @Configuration.
13:22:06.531 [Test worker] INFO org.springframework.boot.test.context.SpringBootTestContextBootstrapper -- Found @SpringBootConfiguration com.example.events_api.EventsApiApplication for test class com.example.events_api.EventsApiApplicationTests

  .   ____          _            __ _ _
 /\\ / ___'_ __ _ _(_)_ __  __ _ \ \ \ \
( ( )\___ | '_ | '_| | '_ \/ _` | \ \ \ \
 \\/  ___)| |_)| | | | | || (_| |  ) ) ) )
  '  |____| .__|_| |_|_| |_\__, | / / / /
 =========|_|==============|___/=/_/_/_/

 :: Spring Boot ::                (v3.5.4)

2025-08-21T13:22:06.689-04:00  INFO 4314 --- [events-api-test] [    Test worker] c.e.e.EventsApiApplicationTests          : Starting EventsApiApplicationTests using Java 17.0.14 with PID 4314 (started by evelyn.e in /Users/evelyn.e/Desktop/Work/Capstone/Backend/events-api)
2025-08-21T13:22:06.689-04:00  INFO 4314 --- [events-api-test] [    Test worker] c.e.e.EventsApiApplicationTests          : The following 1 profile is active: "test"
2025-08-21T13:22:06.926-04:00  INFO 4314 --- [events-api-test] [    Test worker] .s.d.r.c.RepositoryConfigurationDelegate : Bootstrapping Spring Data JPA repositories in DEFAULT mode.
2025-08-21T13:22:06.944-04:00  INFO 4314 --- [events-api-test] [    Test worker] .s.d.r.c.RepositoryConfigurationDelegate : Finished Spring Data repository scanning in 14 ms. Found 1 JPA repository interface.
2025-08-21T13:22:07.619-04:00  INFO 4314 --- [events-api-test] [    Test worker] o.s.b.w.embedded.tomcat.TomcatWebServer  : Tomcat initialized with port 0 (http)
2025-08-21T13:22:07.625-04:00  INFO 4314 --- [events-api-test] [    Test worker] o.apache.catalina.core.StandardService   : Starting service [Tomcat]
2025-08-21T13:22:07.626-04:00  INFO 4314 --- [events-api-test] [    Test worker] o.apache.catalina.core.StandardEngine    : Starting Servlet engine: [Apache Tomcat/10.1.43]
2025-08-21T13:22:07.650-04:00  INFO 4314 --- [events-api-test] [    Test worker] o.a.c.c.C.[Tomcat].[localhost].[/]       : Initializing Spring embedded WebApplicationContext
2025-08-21T13:22:07.651-04:00  INFO 4314 --- [events-api-test] [    Test worker] w.s.c.ServletWebServerApplicationContext : Root WebApplicationContext: initialization completed in 955 ms
2025-08-21T13:22:07.727-04:00  INFO 4314 --- [events-api-test] [    Test worker] o.hibernate.jpa.internal.util.LogHelper  : HHH000204: Processing PersistenceUnitInfo [name: default]
2025-08-21T13:22:07.748-04:00  INFO 4314 --- [events-api-test] [    Test worker] org.hibernate.Version                    : HHH000412: Hibernate ORM core version 6.6.22.Final
2025-08-21T13:22:07.762-04:00  INFO 4314 --- [events-api-test] [    Test worker] o.h.c.internal.RegionFactoryInitiator    : HHH000026: Second-level cache disabled
2025-08-21T13:22:07.809-04:00  INFO 4314 --- [events-api-test] [    Test worker] o.s.o.j.p.SpringPersistenceUnitInfo      : No LoadTimeWeaver setup: ignoring JPA class transformer
2025-08-21T13:22:07.821-04:00  INFO 4314 --- [events-api-test] [    Test worker] com.zaxxer.hikari.HikariDataSource       : HikariPool-1 - Starting...
2025-08-21T13:22:07.915-04:00  INFO 4314 --- [events-api-test] [    Test worker] com.zaxxer.hikari.pool.PoolBase          : HikariPool-1 - Driver does not support get/set network timeout for connections. (feature not supported)
2025-08-21T13:22:07.915-04:00  INFO 4314 --- [events-api-test] [    Test worker] com.zaxxer.hikari.pool.HikariPool        : HikariPool-1 - Added connection org.hsqldb.jdbc.JDBCConnection@18d1d137
2025-08-21T13:22:07.916-04:00  INFO 4314 --- [events-api-test] [    Test worker] com.zaxxer.hikari.HikariDataSource       : HikariPool-1 - Start completed.
2025-08-21T13:22:07.929-04:00  WARN 4314 --- [events-api-test] [    Test worker] org.hibernate.orm.deprecation            : HHH90000025: HSQLDialect does not need to be specified explicitly using 'hibernate.dialect' (remove the property setting and it will be selected by default)
2025-08-21T13:22:07.937-04:00  INFO 4314 --- [events-api-test] [    Test worker] org.hibernate.orm.connections.pooling    : HHH10001005: Database info:
	Database JDBC URL [Connecting through datasource 'HikariDataSource (HikariPool-1)']
	Database driver: undefined/unknown
	Database version: 2.7.3
	Autocommit mode: undefined/unknown
	Isolation level: undefined/unknown
	Minimum pool size: undefined/unknown
	Maximum pool size: undefined/unknown
2025-08-21T13:22:08.257-04:00  INFO 4314 --- [events-api-test] [    Test worker] o.h.e.t.j.p.i.JtaPlatformInitiator       : HHH000489: No JTA platform available (set 'hibernate.transaction.jta.platform' to enable JTA platform integration)
2025-08-21T13:22:08.266-04:00  INFO 4314 --- [events-api-test] [    Test worker] j.LocalContainerEntityManagerFactoryBean : Initialized JPA EntityManagerFactory for persistence unit 'default'
2025-08-21T13:22:08.292-04:00  WARN 4314 --- [events-api-test] [    Test worker] JpaBaseConfiguration$JpaWebConfiguration : spring.jpa.open-in-view is enabled by default. Therefore, database queries may be performed during view rendering. Explicitly configure spring.jpa.open-in-view to disable this warning
2025-08-21T13:22:08.393-04:00  WARN 4314 --- [events-api-test] [    Test worker] .s.s.UserDetailsServiceAutoConfiguration : 

Using generated security password: 163cd9d4-0d60-4b19-96be-6036427d5643

This generated password is for development use only. Your security configuration must be updated before running your application in production.

2025-08-21T13:22:08.399-04:00  INFO 4314 --- [events-api-test] [    Test worker] r$InitializeUserDetailsManagerConfigurer : Global AuthenticationManager configured with UserDetailsService bean with name inMemoryUserDetailsManager
2025-08-21T13:22:08.633-04:00  INFO 4314 --- [events-api-test] [    Test worker] o.s.b.w.embedded.tomcat.TomcatWebServer  : Tomcat started on port 49551 (http) with context path '/'
2025-08-21T13:22:08.643-04:00  INFO 4314 --- [events-api-test] [    Test worker] c.e.e.EventsApiApplicationTests          : Started EventsApiApplicationTests in 2.058 seconds (process running for 2.493)
2025-08-21T13:22:08.742-04:00  INFO 4314 --- [events-api-test] [o-auto-1-exec-1] o.a.c.c.C.[Tomcat].[localhost].[/]       : Initializing Spring DispatcherServlet 'dispatcherServlet'
2025-08-21T13:22:08.742-04:00  INFO 4314 --- [events-api-test] [o-auto-1-exec-1] o.s.web.servlet.DispatcherServlet        : Initializing Servlet 'dispatcherServlet'
2025-08-21T13:22:08.743-04:00  INFO 4314 --- [events-api-test] [o-auto-1-exec-1] o.s.web.servlet.DispatcherServlet        : Completed initialization in 1 ms
]]></system-out>
  <system-err><![CDATA[]]></system-err>
</testsuite>
